INFO [2025-10-03 10:20:53] $x
INFO [2025-10-03 10:20:53] list(sample_type$RUS$NT$feature_ID, sample_type$RUS$TAC$feature_ID)
INFO [2025-10-03 10:20:53] 
INFO [2025-10-03 10:20:53] $filename
INFO [2025-10-03 10:20:53] [1] "russian_venn_diagram.png"
INFO [2025-10-03 10:20:53] 
INFO [2025-10-03 10:20:53] $category.names
INFO [2025-10-03 10:20:53] c("Non-target", "Anabaena")
INFO [2025-10-03 10:20:53] 
INFO [2025-10-03 10:20:53] $lwd
INFO [2025-10-03 10:20:53] [1] 2
INFO [2025-10-03 10:20:53] 
INFO [2025-10-03 10:20:53] $lty
INFO [2025-10-03 10:20:53] [1] "blank"
INFO [2025-10-03 10:20:53] 
INFO [2025-10-03 10:20:53] $fill
INFO [2025-10-03 10:20:53] c("#ebdf38", "#f7ef7c")
INFO [2025-10-03 10:20:53] 
INFO [2025-10-03 10:20:53] [[7]]
INFO [2025-10-03 10:20:53] 
INFO [2025-10-03 10:20:53] 
