INFO [2025-10-03 10:22:03] $x
INFO [2025-10-03 10:22:03] list(sample_type$SAL$NT$feature_ID, sample_type$SAL$TM$feature_ID, 
INFO [2025-10-03 10:22:03]     sample_type$SAL$TAC$feature_ID)
INFO [2025-10-03 10:22:03] 
INFO [2025-10-03 10:22:03] $filename
INFO [2025-10-03 10:22:03] [1] "salmon_venn_diagram.png"
INFO [2025-10-03 10:22:03] 
INFO [2025-10-03 10:22:03] $category.names
INFO [2025-10-03 10:22:03] c("Non-target", "Microcoleus", "Anabaena")
INFO [2025-10-03 10:22:03] 
INFO [2025-10-03 10:22:03] $lwd
INFO [2025-10-03 10:22:03] [1] 2
INFO [2025-10-03 10:22:03] 
INFO [2025-10-03 10:22:03] $lty
INFO [2025-10-03 10:22:03] [1] "blank"
INFO [2025-10-03 10:22:03] 
INFO [2025-10-03 10:22:03] $fill
INFO [2025-10-03 10:22:03] c("#62a7f8", "#7eb8fc", "#bfddff")
INFO [2025-10-03 10:22:03] 
INFO [2025-10-03 10:22:03] [[7]]
INFO [2025-10-03 10:22:03] 
INFO [2025-10-03 10:22:03] 
