INFO [2025-10-03 10:18:46] $x
INFO [2025-10-03 10:18:46] list(sample_type$`SFE-M`$NT$feature_ID, sample_type$`SFE-M`$TM$feature_ID, 
INFO [2025-10-03 10:18:46]     sample_type$`SFE-M`$TAC$feature_ID)
INFO [2025-10-03 10:18:46] 
INFO [2025-10-03 10:18:46] $filename
INFO [2025-10-03 10:18:46] [1] "sfkeel_venn_diagram.png"
INFO [2025-10-03 10:18:46] 
INFO [2025-10-03 10:18:46] $category.names
INFO [2025-10-03 10:18:46] c("Non-target", "Microcoleus", "Anabaena")
INFO [2025-10-03 10:18:46] 
INFO [2025-10-03 10:18:46] $lwd
INFO [2025-10-03 10:18:46] [1] 2
INFO [2025-10-03 10:18:46] 
INFO [2025-10-03 10:18:46] $lty
INFO [2025-10-03 10:18:46] [1] "blank"
INFO [2025-10-03 10:18:46] 
INFO [2025-10-03 10:18:46] $fill
INFO [2025-10-03 10:18:46] c("#416f16", "#6eab35", "#9ddb63")
INFO [2025-10-03 10:18:46] 
INFO [2025-10-03 10:18:46] [[7]]
INFO [2025-10-03 10:18:46] 
INFO [2025-10-03 10:18:46] 
