INFO [2025-10-03 10:13:34] $x
INFO [2025-10-03 10:13:34] list(TM$SAL$feature_ID, TM$`SFE-M`$feature_ID)
INFO [2025-10-03 10:13:34] 
INFO [2025-10-03 10:13:34] $filename
INFO [2025-10-03 10:13:34] [1] "tm_venn_diagram.png"
INFO [2025-10-03 10:13:34] 
INFO [2025-10-03 10:13:34] $category.names
INFO [2025-10-03 10:13:34] c("Salmon Microcoleus", "South Fork Eel Microcoleus")
INFO [2025-10-03 10:13:34] 
INFO [2025-10-03 10:13:34] $lwd
INFO [2025-10-03 10:13:34] [1] 2
INFO [2025-10-03 10:13:34] 
INFO [2025-10-03 10:13:34] $lty
INFO [2025-10-03 10:13:34] [1] "blank"
INFO [2025-10-03 10:13:34] 
INFO [2025-10-03 10:13:34] $fill
INFO [2025-10-03 10:13:34] c("#62a7f8", "#416f16")
INFO [2025-10-03 10:13:34] 
INFO [2025-10-03 10:13:34] [[7]]
INFO [2025-10-03 10:13:34] 
INFO [2025-10-03 10:13:34] 
